<?xml version="1.0" encoding="UTF-8"?>
<coverage generated="1499320498475" clover="3.2.0">
  <project timestamp="1499320498475" name="All files">
    <metrics statements="22" coveredstatements="20" conditionals="7" coveredconditionals="6" methods="15" coveredmethods="9" elements="44" coveredelements="35" complexity="0" loc="22" ncloc="22" packages="2" files="5" classes="5">
      <package name="actions">
        <metrics statements="4" coveredstatements="4" conditionals="0" coveredconditionals="0" methods="4" coveredmethods="0"/>
        <file name="index.js" path="/Users/devxu/Documents/workspace/react-test/app/actions/index.js">
          <metrics statements="4" coveredstatements="4" conditionals="0" coveredconditionals="0" methods="4" coveredmethods="0"/>
          <line num="1" count="1" type="stmt"/>
          <line num="6" count="1" type="stmt"/>
          <line num="11" count="1" type="stmt"/>
          <line num="15" count="1" type="stmt"/>
        </file>
      </package>
      <package name="components">
        <metrics statements="18" coveredstatements="16" conditionals="7" coveredconditionals="6" methods="11" coveredmethods="9"/>
        <file name="Tabs.js" path="/Users/devxu/Documents/workspace/react-test/app/components/Tabs.js">
          <metrics statements="13" coveredstatements="11" conditionals="7" coveredconditionals="6" methods="8" coveredmethods="6"/>
          <line num="9" count="1" type="stmt"/>
          <line num="14" count="2" type="cond" truecount="2" falsecount="0"/>
          <line num="18" count="2" type="cond" truecount="2" falsecount="0"/>
          <line num="22" count="1" type="stmt"/>
          <line num="23" count="1" type="stmt"/>
          <line num="28" count="2" type="stmt"/>
          <line num="29" count="0" type="stmt"/>
          <line num="37" count="2" type="cond" truecount="2" falsecount="1"/>
          <line num="39" count="1" type="stmt"/>
          <line num="43" count="1" type="stmt"/>
          <line num="47" count="0" type="stmt"/>
          <line num="59" count="1" type="stmt"/>
          <line num="64" count="1" type="stmt"/>
        </file>
        <file name="tabOneItem.js" path="/Users/devxu/Documents/workspace/react-test/app/components/tabOneItem.js">
          <metrics statements="2" coveredstatements="2" conditionals="0" coveredconditionals="0" methods="1" coveredmethods="1"/>
          <line num="3" count="1" type="stmt"/>
          <line num="4" count="1" type="stmt"/>
        </file>
        <file name="tabOneList.js" path="/Users/devxu/Documents/workspace/react-test/app/components/tabOneList.js">
          <metrics statements="1" coveredstatements="1" conditionals="0" coveredconditionals="0" methods="1" coveredmethods="1"/>
          <line num="6" count="1" type="stmt"/>
        </file>
        <file name="tabTwo.js" path="/Users/devxu/Documents/workspace/react-test/app/components/tabTwo.js">
          <metrics statements="2" coveredstatements="2" conditionals="0" coveredconditionals="0" methods="1" coveredmethods="1"/>
          <line num="3" count="1" type="stmt"/>
          <line num="4" count="1" type="stmt"/>
        </file>
      </package>
    </metrics>
  </project>
</coverage>
