{"/Users/devxu/Documents/workspace/react-test/app/service.js": {"path":"/Users/devxu/Documents/workspace/react-test/app/service.js","statementMap":{"0":{"start":{"line":13,"column":15},"end":{"line":13,"column":28}},"1":{"start":{"line":15,"column":4},"end":{"line":19,"column":5}},"2":{"start":{"line":17,"column":18},"end":{"line":17,"column":40}},"3":{"start":{"line":18,"column":8},"end":{"line":18,"column":28}},"4":{"start":{"line":21,"column":4},"end":{"line":21,"column":20}},"5":{"start":{"line":33,"column":4},"end":{"line":33,"column":57}},"6":{"start":{"line":45,"column":16},"end":{"line":45,"column":28}},"7":{"start":{"line":47,"column":4},"end":{"line":74,"column":11}},"8":{"start":{"line":58,"column":12},"end":{"line":68,"column":13}},"9":{"start":{"line":59,"column":16},"end":{"line":63,"column":17}},"10":{"start":{"line":60,"column":20},"end":{"line":60,"column":33}},"11":{"start":{"line":62,"column":20},"end":{"line":62,"column":38}},"12":{"start":{"line":65,"column":16},"end":{"line":65,"column":34}},"13":{"start":{"line":67,"column":16},"end":{"line":67,"column":35}},"14":{"start":{"line":71,"column":12},"end":{"line":71,"column":30}},"15":{"start":{"line":72,"column":12},"end":{"line":72,"column":35}},"16":{"start":{"line":73,"column":12},"end":{"line":73,"column":30}},"17":{"start":{"line":75,"column":8},"end":{"line":75,"column":21}},"18":{"start":{"line":87,"column":4},"end":{"line":87,"column":53}},"19":{"start":{"line":100,"column":16},"end":{"line":100,"column":28}},"20":{"start":{"line":101,"column":4},"end":{"line":124,"column":11}},"21":{"start":{"line":110,"column":12},"end":{"line":119,"column":13}},"22":{"start":{"line":111,"column":16},"end":{"line":115,"column":17}},"23":{"start":{"line":112,"column":20},"end":{"line":112,"column":32}},"24":{"start":{"line":114,"column":20},"end":{"line":114,"column":38}},"25":{"start":{"line":116,"column":16},"end":{"line":116,"column":34}},"26":{"start":{"line":118,"column":16},"end":{"line":118,"column":35}},"27":{"start":{"line":122,"column":12},"end":{"line":122,"column":35}},"28":{"start":{"line":123,"column":12},"end":{"line":123,"column":30}},"29":{"start":{"line":125,"column":8},"end":{"line":125,"column":21}},"30":{"start":{"line":137,"column":4},"end":{"line":137,"column":52}},"31":{"start":{"line":148,"column":4},"end":{"line":152,"column":7}}},"fnMap":{"0":{"name":"errorHandler","decl":{"start":{"line":11,"column":9},"end":{"line":11,"column":21}},"loc":{"start":{"line":11,"column":32},"end":{"line":22,"column":1}},"line":11},"1":{"name":"postJSON","decl":{"start":{"line":32,"column":16},"end":{"line":32,"column":24}},"loc":{"start":{"line":32,"column":55},"end":{"line":34,"column":1}},"line":32},"2":{"name":"requestJSON","decl":{"start":{"line":44,"column":9},"end":{"line":44,"column":20}},"loc":{"start":{"line":44,"column":56},"end":{"line":76,"column":1}},"line":44},"3":{"name":"(anonymous_3)","decl":{"start":{"line":57,"column":14},"end":{"line":57,"column":15}},"loc":{"start":{"line":57,"column":29},"end":{"line":69,"column":9}},"line":57},"4":{"name":"(anonymous_4)","decl":{"start":{"line":70,"column":14},"end":{"line":70,"column":15}},"loc":{"start":{"line":70,"column":29},"end":{"line":74,"column":9}},"line":70},"5":{"name":"post","decl":{"start":{"line":86,"column":16},"end":{"line":86,"column":20}},"loc":{"start":{"line":86,"column":51},"end":{"line":88,"column":1}},"line":86},"6":{"name":"request","decl":{"start":{"line":98,"column":9},"end":{"line":98,"column":16}},"loc":{"start":{"line":98,"column":52},"end":{"line":126,"column":1}},"line":98},"7":{"name":"(anonymous_7)","decl":{"start":{"line":109,"column":14},"end":{"line":109,"column":15}},"loc":{"start":{"line":109,"column":29},"end":{"line":120,"column":9}},"line":109},"8":{"name":"(anonymous_8)","decl":{"start":{"line":121,"column":14},"end":{"line":121,"column":15}},"loc":{"start":{"line":121,"column":29},"end":{"line":124,"column":9}},"line":121},"9":{"name":"get","decl":{"start":{"line":136,"column":16},"end":{"line":136,"column":19}},"loc":{"start":{"line":136,"column":47},"end":{"line":138,"column":1}},"line":136},"10":{"name":"getJsonp","decl":{"start":{"line":147,"column":16},"end":{"line":147,"column":24}},"loc":{"start":{"line":147,"column":36},"end":{"line":153,"column":1}},"line":147}},"branchMap":{"0":{"loc":{"start":{"line":15,"column":4},"end":{"line":19,"column":5}},"type":"if","locations":[{"start":{"line":15,"column":4},"end":{"line":19,"column":5}},{"start":{"line":15,"column":4},"end":{"line":19,"column":5}}],"line":15},"1":{"loc":{"start":{"line":17,"column":18},"end":{"line":17,"column":40}},"type":"binary-expr","locations":[{"start":{"line":17,"column":18},"end":{"line":17,"column":30}},{"start":{"line":17,"column":34},"end":{"line":17,"column":40}}],"line":17},"2":{"loc":{"start":{"line":32,"column":31},"end":{"line":32,"column":38}},"type":"default-arg","locations":[{"start":{"line":32,"column":36},"end":{"line":32,"column":38}}],"line":32},"3":{"loc":{"start":{"line":53,"column":19},"end":{"line":53,"column":38}},"type":"cond-expr","locations":[{"start":{"line":53,"column":26},"end":{"line":53,"column":31}},{"start":{"line":53,"column":34},"end":{"line":53,"column":38}}],"line":53},"4":{"loc":{"start":{"line":58,"column":12},"end":{"line":68,"column":13}},"type":"if","locations":[{"start":{"line":58,"column":12},"end":{"line":68,"column":13}},{"start":{"line":58,"column":12},"end":{"line":68,"column":13}}],"line":58},"5":{"loc":{"start":{"line":59,"column":16},"end":{"line":63,"column":17}},"type":"if","locations":[{"start":{"line":59,"column":16},"end":{"line":63,"column":17}},{"start":{"line":59,"column":16},"end":{"line":63,"column":17}}],"line":59},"6":{"loc":{"start":{"line":86,"column":27},"end":{"line":86,"column":34}},"type":"default-arg","locations":[{"start":{"line":86,"column":32},"end":{"line":86,"column":34}}],"line":86},"7":{"loc":{"start":{"line":107,"column":19},"end":{"line":107,"column":38}},"type":"cond-expr","locations":[{"start":{"line":107,"column":26},"end":{"line":107,"column":31}},{"start":{"line":107,"column":34},"end":{"line":107,"column":38}}],"line":107},"8":{"loc":{"start":{"line":110,"column":12},"end":{"line":119,"column":13}},"type":"if","locations":[{"start":{"line":110,"column":12},"end":{"line":119,"column":13}},{"start":{"line":110,"column":12},"end":{"line":119,"column":13}}],"line":110},"9":{"loc":{"start":{"line":111,"column":16},"end":{"line":115,"column":17}},"type":"if","locations":[{"start":{"line":111,"column":16},"end":{"line":115,"column":17}},{"start":{"line":111,"column":16},"end":{"line":115,"column":17}}],"line":111}},"s":{"0":0,"1":0,"2":0,"3":0,"4":0,"5":0,"6":0,"7":0,"8":0,"9":0,"10":0,"11":0,"12":0,"13":0,"14":0,"15":0,"16":0,"17":0,"18":0,"19":0,"20":0,"21":0,"22":0,"23":0,"24":0,"25":0,"26":0,"27":0,"28":0,"29":0,"30":0,"31":1},"f":{"0":0,"1":0,"2":0,"3":0,"4":0,"5":0,"6":0,"7":0,"8":0,"9":0,"10":1},"b":{"0":[0,0],"1":[0,0],"2":[0],"3":[0,0],"4":[0,0],"5":[0,0],"6":[0],"7":[0,0],"8":[0,0],"9":[0,0]},"_coverageSchema":"332fd63041d2c1bcb487cc26dd0d5f7d97098a6c","hash":"651d47ba879b7f704b77fcc887d96edbf94e5a2f"}
,"/Users/devxu/Documents/workspace/react-test/app/actions/index.js": {"path":"/Users/devxu/Documents/workspace/react-test/app/actions/index.js","statementMap":{"0":{"start":{"line":1,"column":28},"end":{"line":4,"column":2}},"1":{"start":{"line":1,"column":40},"end":{"line":4,"column":1}},"2":{"start":{"line":6,"column":27},"end":{"line":9,"column":2}},"3":{"start":{"line":6,"column":38},"end":{"line":9,"column":1}},"4":{"start":{"line":11,"column":25},"end":{"line":13,"column":2}},"5":{"start":{"line":11,"column":36},"end":{"line":13,"column":1}},"6":{"start":{"line":15,"column":27},"end":{"line":17,"column":2}},"7":{"start":{"line":15,"column":38},"end":{"line":17,"column":1}}},"fnMap":{"0":{"name":"(anonymous_0)","decl":{"start":{"line":1,"column":28},"end":{"line":1,"column":29}},"loc":{"start":{"line":1,"column":40},"end":{"line":4,"column":1}},"line":1},"1":{"name":"(anonymous_1)","decl":{"start":{"line":6,"column":27},"end":{"line":6,"column":28}},"loc":{"start":{"line":6,"column":38},"end":{"line":9,"column":1}},"line":6},"2":{"name":"(anonymous_2)","decl":{"start":{"line":11,"column":25},"end":{"line":11,"column":26}},"loc":{"start":{"line":11,"column":36},"end":{"line":13,"column":1}},"line":11},"3":{"name":"(anonymous_3)","decl":{"start":{"line":15,"column":27},"end":{"line":15,"column":28}},"loc":{"start":{"line":15,"column":38},"end":{"line":17,"column":1}},"line":15}},"branchMap":{},"s":{"0":2,"1":0,"2":2,"3":0,"4":2,"5":0,"6":2,"7":0},"f":{"0":0,"1":0,"2":0,"3":0},"b":{},"_coverageSchema":"332fd63041d2c1bcb487cc26dd0d5f7d97098a6c","hash":"7e1493179ae708882014769dadf6a00de469894c"}
,"/Users/devxu/Documents/workspace/react-test/app/components/Tabs.js": {"path":"/Users/devxu/Documents/workspace/react-test/app/components/Tabs.js","statementMap":{"0":{"start":{"line":9,"column":2},"end":{"line":9,"column":9}},"1":{"start":{"line":14,"column":2},"end":{"line":14,"column":77}},"2":{"start":{"line":18,"column":2},"end":{"line":18,"column":73}},"3":{"start":{"line":22,"column":14},"end":{"line":22,"column":18}},"4":{"start":{"line":23,"column":2},"end":{"line":55,"column":3}},"5":{"start":{"line":28,"column":7},"end":{"line":30,"column":8}},"6":{"start":{"line":29,"column":45},"end":{"line":29,"column":72}},"7":{"start":{"line":37,"column":7},"end":{"line":50,"column":8}},"8":{"start":{"line":39,"column":8},"end":{"line":41,"column":10}},"9":{"start":{"line":43,"column":9},"end":{"line":45,"column":10}},"10":{"start":{"line":47,"column":9},"end":{"line":49,"column":10}},"11":{"start":{"line":59,"column":24},"end":{"line":62,"column":2}},"12":{"start":{"line":59,"column":36},"end":{"line":62,"column":1}},"13":{"start":{"line":64,"column":27},"end":{"line":66,"column":1}}},"fnMap":{"0":{"name":"(anonymous_0)","decl":{"start":{"line":8,"column":1},"end":{"line":8,"column":2}},"loc":{"start":{"line":8,"column":14},"end":{"line":10,"column":2}},"line":8},"1":{"name":"(anonymous_1)","decl":{"start":{"line":13,"column":1},"end":{"line":13,"column":2}},"loc":{"start":{"line":13,"column":27},"end":{"line":15,"column":2}},"line":13},"2":{"name":"(anonymous_2)","decl":{"start":{"line":17,"column":1},"end":{"line":17,"column":2}},"loc":{"start":{"line":17,"column":26},"end":{"line":19,"column":2}},"line":17},"3":{"name":"(anonymous_3)","decl":{"start":{"line":21,"column":1},"end":{"line":21,"column":2}},"loc":{"start":{"line":21,"column":9},"end":{"line":56,"column":2}},"line":21},"4":{"name":"(anonymous_4)","decl":{"start":{"line":27,"column":30},"end":{"line":27,"column":31}},"loc":{"start":{"line":27,"column":50},"end":{"line":31,"column":7}},"line":27},"5":{"name":"(anonymous_5)","decl":{"start":{"line":29,"column":37},"end":{"line":29,"column":38}},"loc":{"start":{"line":29,"column":43},"end":{"line":29,"column":74}},"line":29},"6":{"name":"(anonymous_6)","decl":{"start":{"line":36,"column":30},"end":{"line":36,"column":31}},"loc":{"start":{"line":36,"column":50},"end":{"line":51,"column":7}},"line":36},"7":{"name":"(anonymous_7)","decl":{"start":{"line":59,"column":24},"end":{"line":59,"column":25}},"loc":{"start":{"line":59,"column":36},"end":{"line":62,"column":1}},"line":59}},"branchMap":{"0":{"loc":{"start":{"line":14,"column":9},"end":{"line":14,"column":77}},"type":"cond-expr","locations":[{"start":{"line":14,"column":45},"end":{"line":14,"column":63}},{"start":{"line":14,"column":66},"end":{"line":14,"column":77}}],"line":14},"1":{"loc":{"start":{"line":18,"column":9},"end":{"line":18,"column":73}},"type":"cond-expr","locations":[{"start":{"line":18,"column":45},"end":{"line":18,"column":60}},{"start":{"line":18,"column":63},"end":{"line":18,"column":73}}],"line":18},"2":{"loc":{"start":{"line":37,"column":7},"end":{"line":50,"column":8}},"type":"switch","locations":[{"start":{"line":38,"column":8},"end":{"line":41,"column":10}},{"start":{"line":42,"column":8},"end":{"line":45,"column":10}},{"start":{"line":46,"column":8},"end":{"line":49,"column":10}}],"line":37}},"s":{"0":1,"1":2,"2":2,"3":1,"4":1,"5":2,"6":0,"7":2,"8":1,"9":1,"10":0,"11":1,"12":0,"13":1},"f":{"0":1,"1":2,"2":2,"3":1,"4":2,"5":0,"6":2,"7":0},"b":{"0":[1,1],"1":[1,1],"2":[1,1,0]},"_coverageSchema":"332fd63041d2c1bcb487cc26dd0d5f7d97098a6c","hash":"8c32c03d880b3900cc46bca23f1223403ea3aa33"}
,"/Users/devxu/Documents/workspace/react-test/app/components/tabOneItem.js": {"path":"/Users/devxu/Documents/workspace/react-test/app/components/tabOneItem.js","statementMap":{"0":{"start":{"line":3,"column":19},"end":{"line":7,"column":1}},"1":{"start":{"line":4,"column":1},"end":{"line":6,"column":6}}},"fnMap":{"0":{"name":"(anonymous_0)","decl":{"start":{"line":3,"column":19},"end":{"line":3,"column":20}},"loc":{"start":{"line":4,"column":1},"end":{"line":6,"column":6}},"line":4}},"branchMap":{},"s":{"0":1,"1":1},"f":{"0":1},"b":{},"_coverageSchema":"332fd63041d2c1bcb487cc26dd0d5f7d97098a6c","hash":"6922228401f85c81e535512a548872cb1b71df1b"}
,"/Users/devxu/Documents/workspace/react-test/app/components/tabOneList.js": {"path":"/Users/devxu/Documents/workspace/react-test/app/components/tabOneList.js","statementMap":{"0":{"start":{"line":6,"column":2},"end":{"line":10,"column":4}}},"fnMap":{"0":{"name":"(anonymous_0)","decl":{"start":{"line":5,"column":1},"end":{"line":5,"column":2}},"loc":{"start":{"line":5,"column":9},"end":{"line":11,"column":2}},"line":5}},"branchMap":{},"s":{"0":1},"f":{"0":1},"b":{},"_coverageSchema":"332fd63041d2c1bcb487cc26dd0d5f7d97098a6c","hash":"cd95dc98ae2e27e0e35192f88e7415ac1973826d"}
,"/Users/devxu/Documents/workspace/react-test/app/components/tabTwo.js": {"path":"/Users/devxu/Documents/workspace/react-test/app/components/tabTwo.js","statementMap":{"0":{"start":{"line":3,"column":15},"end":{"line":7,"column":1}},"1":{"start":{"line":4,"column":1},"end":{"line":6,"column":7}}},"fnMap":{"0":{"name":"(anonymous_0)","decl":{"start":{"line":3,"column":15},"end":{"line":3,"column":16}},"loc":{"start":{"line":4,"column":1},"end":{"line":6,"column":7}},"line":4}},"branchMap":{},"s":{"0":1,"1":1},"f":{"0":1},"b":{},"_coverageSchema":"332fd63041d2c1bcb487cc26dd0d5f7d97098a6c","hash":"6ad15e9d88dc62819efe5c20ac40145ad8129970"}
,"/Users/devxu/Documents/workspace/react-test/app/components/book/bookItem.js": {"path":"/Users/devxu/Documents/workspace/react-test/app/components/book/bookItem.js","statementMap":{"0":{"start":{"line":5,"column":8},"end":{"line":5,"column":20}},"1":{"start":{"line":9,"column":19},"end":{"line":9,"column":37}},"2":{"start":{"line":10,"column":5},"end":{"line":42,"column":7}},"3":{"start":{"line":23,"column":34},"end":{"line":23,"column":45}}},"fnMap":{"0":{"name":"(anonymous_0)","decl":{"start":{"line":4,"column":1},"end":{"line":4,"column":2}},"loc":{"start":{"line":4,"column":19},"end":{"line":6,"column":5}},"line":4},"1":{"name":"(anonymous_1)","decl":{"start":{"line":8,"column":4},"end":{"line":8,"column":5}},"loc":{"start":{"line":8,"column":13},"end":{"line":43,"column":5}},"line":8},"2":{"name":"(anonymous_2)","decl":{"start":{"line":22,"column":49},"end":{"line":22,"column":50}},"loc":{"start":{"line":22,"column":59},"end":{"line":24,"column":31}},"line":22}},"branchMap":{},"s":{"0":2,"1":2,"2":2,"3":0},"f":{"0":2,"1":2,"2":0},"b":{},"_coverageSchema":"332fd63041d2c1bcb487cc26dd0d5f7d97098a6c","hash":"f48a6f5f082cbe0dd54f78a33aeef91784e07385"}
,"/Users/devxu/Documents/workspace/react-test/app/components/book/bookList.js": {"path":"/Users/devxu/Documents/workspace/react-test/app/components/book/bookList.js","statementMap":{"0":{"start":{"line":10,"column":8},"end":{"line":10,"column":15}},"1":{"start":{"line":14,"column":20},"end":{"line":17,"column":9}},"2":{"start":{"line":18,"column":8},"end":{"line":18,"column":32}},"3":{"start":{"line":22,"column":26},"end":{"line":22,"column":28}},"4":{"start":{"line":23,"column":8},"end":{"line":35,"column":15}},"5":{"start":{"line":25,"column":27},"end":{"line":29,"column":17}},"6":{"start":{"line":30,"column":27},"end":{"line":30,"column":57}},"7":{"start":{"line":32,"column":16},"end":{"line":32,"column":46}},"8":{"start":{"line":33,"column":16},"end":{"line":33,"column":45}},"9":{"start":{"line":34,"column":16},"end":{"line":34,"column":52}},"10":{"start":{"line":39,"column":18},"end":{"line":39,"column":40}},"11":{"start":{"line":40,"column":18},"end":{"line":40,"column":40}},"12":{"start":{"line":42,"column":8},"end":{"line":48,"column":9}},"13":{"start":{"line":43,"column":24},"end":{"line":46,"column":13}},"14":{"start":{"line":47,"column":12},"end":{"line":47,"column":36}},"15":{"start":{"line":52,"column":20},"end":{"line":52,"column":30}},"16":{"start":{"line":53,"column":19},"end":{"line":53,"column":31}},"17":{"start":{"line":54,"column":8},"end":{"line":62,"column":9}},"18":{"start":{"line":55,"column":24},"end":{"line":59,"column":13}},"19":{"start":{"line":60,"column":12},"end":{"line":60,"column":36}},"20":{"start":{"line":61,"column":12},"end":{"line":61,"column":30}},"21":{"start":{"line":66,"column":20},"end":{"line":66,"column":30}},"22":{"start":{"line":67,"column":19},"end":{"line":67,"column":31}},"23":{"start":{"line":68,"column":8},"end":{"line":76,"column":9}},"24":{"start":{"line":69,"column":24},"end":{"line":73,"column":13}},"25":{"start":{"line":74,"column":12},"end":{"line":74,"column":36}},"26":{"start":{"line":75,"column":12},"end":{"line":75,"column":32}},"27":{"start":{"line":81,"column":8},"end":{"line":109,"column":10}},"28":{"start":{"line":92,"column":67},"end":{"line":92,"column":85}},"29":{"start":{"line":97,"column":28},"end":{"line":99,"column":29}},"30":{"start":{"line":104,"column":64},"end":{"line":104,"column":77}},"31":{"start":{"line":106,"column":66},"end":{"line":106,"column":81}}},"fnMap":{"0":{"name":"(anonymous_0)","decl":{"start":{"line":9,"column":4},"end":{"line":9,"column":5}},"loc":{"start":{"line":9,"column":17},"end":{"line":11,"column":5}},"line":9},"1":{"name":"(anonymous_1)","decl":{"start":{"line":13,"column":4},"end":{"line":13,"column":5}},"loc":{"start":{"line":13,"column":25},"end":{"line":19,"column":5}},"line":13},"2":{"name":"(anonymous_2)","decl":{"start":{"line":21,"column":4},"end":{"line":21,"column":5}},"loc":{"start":{"line":21,"column":23},"end":{"line":36,"column":5}},"line":21},"3":{"name":"(anonymous_3)","decl":{"start":{"line":24,"column":18},"end":{"line":24,"column":19}},"loc":{"start":{"line":24,"column":27},"end":{"line":35,"column":13}},"line":24},"4":{"name":"(anonymous_4)","decl":{"start":{"line":38,"column":4},"end":{"line":38,"column":5}},"loc":{"start":{"line":38,"column":18},"end":{"line":49,"column":5}},"line":38},"5":{"name":"(anonymous_5)","decl":{"start":{"line":51,"column":4},"end":{"line":51,"column":5}},"loc":{"start":{"line":51,"column":13},"end":{"line":63,"column":5}},"line":51},"6":{"name":"(anonymous_6)","decl":{"start":{"line":65,"column":4},"end":{"line":65,"column":5}},"loc":{"start":{"line":65,"column":15},"end":{"line":77,"column":5}},"line":65},"7":{"name":"(anonymous_7)","decl":{"start":{"line":80,"column":4},"end":{"line":80,"column":5}},"loc":{"start":{"line":80,"column":13},"end":{"line":110,"column":5}},"line":80},"8":{"name":"(anonymous_8)","decl":{"start":{"line":92,"column":59},"end":{"line":92,"column":60}},"loc":{"start":{"line":92,"column":65},"end":{"line":92,"column":87}},"line":92},"9":{"name":"(anonymous_9)","decl":{"start":{"line":96,"column":44},"end":{"line":96,"column":45}},"loc":{"start":{"line":96,"column":61},"end":{"line":100,"column":25}},"line":96},"10":{"name":"(anonymous_10)","decl":{"start":{"line":104,"column":56},"end":{"line":104,"column":57}},"loc":{"start":{"line":104,"column":62},"end":{"line":104,"column":79}},"line":104},"11":{"name":"(anonymous_11)","decl":{"start":{"line":106,"column":58},"end":{"line":106,"column":59}},"loc":{"start":{"line":106,"column":64},"end":{"line":106,"column":83}},"line":106}},"branchMap":{"0":{"loc":{"start":{"line":42,"column":8},"end":{"line":48,"column":9}},"type":"if","locations":[{"start":{"line":42,"column":8},"end":{"line":48,"column":9}},{"start":{"line":42,"column":8},"end":{"line":48,"column":9}}],"line":42},"1":{"loc":{"start":{"line":42,"column":12},"end":{"line":42,"column":22}},"type":"binary-expr","locations":[{"start":{"line":42,"column":12},"end":{"line":42,"column":15}},{"start":{"line":42,"column":19},"end":{"line":42,"column":22}}],"line":42},"2":{"loc":{"start":{"line":54,"column":8},"end":{"line":62,"column":9}},"type":"if","locations":[{"start":{"line":54,"column":8},"end":{"line":62,"column":9}},{"start":{"line":54,"column":8},"end":{"line":62,"column":9}}],"line":54},"3":{"loc":{"start":{"line":68,"column":8},"end":{"line":76,"column":9}},"type":"if","locations":[{"start":{"line":68,"column":8},"end":{"line":76,"column":9}},{"start":{"line":68,"column":8},"end":{"line":76,"column":9}}],"line":68}},"s":{"0":1,"1":1,"2":1,"3":1,"4":1,"5":0,"6":0,"7":0,"8":0,"9":0,"10":1,"11":1,"12":1,"13":0,"14":0,"15":0,"16":0,"17":0,"18":0,"19":0,"20":0,"21":0,"22":0,"23":0,"24":0,"25":0,"26":0,"27":1,"28":1,"29":2,"30":0,"31":0},"f":{"0":1,"1":1,"2":1,"3":0,"4":1,"5":0,"6":0,"7":1,"8":1,"9":2,"10":0,"11":0},"b":{"0":[0,1],"1":[1,1],"2":[0,0],"3":[0,0]},"_coverageSchema":"332fd63041d2c1bcb487cc26dd0d5f7d97098a6c","hash":"fda8bd0292c8af5279d815bb08b646fcccd1ec29"}
,"/Users/devxu/Documents/workspace/react-test/app/components/book/request.js": {"path":"/Users/devxu/Documents/workspace/react-test/app/components/book/request.js","statementMap":{"0":{"start":{"line":16,"column":1},"end":{"line":16,"column":65}}},"fnMap":{"0":{"name":"getBookList","decl":{"start":{"line":15,"column":16},"end":{"line":15,"column":27}},"loc":{"start":{"line":15,"column":36},"end":{"line":17,"column":1}},"line":15}},"branchMap":{},"s":{"0":1},"f":{"0":1},"b":{},"_coverageSchema":"332fd63041d2c1bcb487cc26dd0d5f7d97098a6c","hash":"d2311ef7c4117df9259d843e1da64df2ceedb958"}
}
