TN:
SF:/Users/devxu/Documents/workspace/react-test/app/actions/index.js
FN:1,(anonymous_0)
FN:6,(anonymous_1)
FN:11,(anonymous_2)
FN:15,(anonymous_3)
FNF:4
FNH:4
FNDA:1,(anonymous_0)
FNDA:1,(anonymous_1)
FNDA:1,(anonymous_2)
FNDA:1,(anonymous_3)
DA:1,1
DA:6,1
DA:11,1
DA:15,1
LF:4
LH:4
BRF:0
BRH:0
end_of_record
TN:
SF:/Users/devxu/Documents/workspace/react-test/app/components/App.js
FN:5,(anonymous_0)
FNF:1
FNH:1
FNDA:1,(anonymous_0)
DA:4,1
DA:6,1
LF:2
LH:2
BRF:0
BRH:0
end_of_record
TN:
SF:/Users/devxu/Documents/workspace/react-test/app/components/book/bookItem.js
FN:4,(anonymous_0)
FN:8,(anonymous_1)
FN:22,(anonymous_2)
FNF:3
FNH:3
FNDA:3,(anonymous_0)
FNDA:3,(anonymous_1)
FNDA:1,(anonymous_2)
DA:5,3
DA:9,3
DA:10,3
DA:23,1
LF:4
LH:4
BRF:0
BRH:0
end_of_record
TN:
SF:/Users/devxu/Documents/workspace/react-test/app/components/book/bookList.js
FN:8,(anonymous_0)
FN:12,(anonymous_1)
FN:20,(anonymous_2)
FN:23,(anonymous_3)
FN:41,(anonymous_4)
FN:54,(anonymous_5)
FN:68,(anonymous_6)
FN:83,(anonymous_7)
FN:95,(anonymous_8)
FN:99,(anonymous_9)
FN:107,(anonymous_10)
FN:109,(anonymous_11)
FNF:12
FNH:11
FNDA:1,(anonymous_0)
FNDA:1,(anonymous_1)
FNDA:4,(anonymous_2)
FNDA:0,(anonymous_3)
FNDA:1,(anonymous_4)
FNDA:1,(anonymous_5)
FNDA:1,(anonymous_6)
FNDA:1,(anonymous_7)
FNDA:1,(anonymous_8)
FNDA:2,(anonymous_9)
FNDA:1,(anonymous_10)
FNDA:1,(anonymous_11)
DA:9,1
DA:13,1
DA:17,1
DA:21,4
DA:22,4
DA:42,1
DA:43,1
DA:45,1
DA:46,0
DA:50,0
DA:55,1
DA:56,1
DA:57,1
DA:58,1
DA:63,1
DA:64,1
DA:69,1
DA:70,1
DA:71,1
DA:72,1
DA:77,1
DA:78,1
DA:84,1
DA:95,1
DA:100,2
DA:107,1
DA:109,1
LF:27
LH:25
BRDA:45,0,0,0
BRDA:45,0,1,1
BRDA:45,1,0,1
BRDA:45,1,1,1
BRDA:57,2,0,1
BRDA:57,2,1,0
BRDA:71,3,0,1
BRDA:71,3,1,0
BRF:8
BRH:5
end_of_record
TN:
SF:/Users/devxu/Documents/workspace/react-test/app/components/book/request.js
FN:15,getBooks
FNF:1
FNH:1
FNDA:4,getBooks
DA:16,4
LF:1
LH:1
BRF:0
BRH:0
end_of_record
