TN:
SF:/Users/devxu/Documents/workspace/react-test/app/service.js
FN:11,errorHandler
FN:32,postJSON
FN:44,requestJSON
FN:57,(anonymous_3)
FN:70,(anonymous_4)
FN:86,post
FN:98,request
FN:109,(anonymous_7)
FN:121,(anonymous_8)
FN:136,get
FN:147,getJsonp
FNF:11
FNH:1
FNDA:0,errorHandler
FNDA:0,postJSON
FNDA:0,requestJSON
FNDA:0,(anonymous_3)
FNDA:0,(anonymous_4)
FNDA:0,post
FNDA:0,request
FNDA:0,(anonymous_7)
FNDA:0,(anonymous_8)
FNDA:0,get
FNDA:1,getJsonp
DA:13,0
DA:15,0
DA:17,0
DA:18,0
DA:21,0
DA:33,0
DA:45,0
DA:47,0
DA:58,0
DA:59,0
DA:60,0
DA:62,0
DA:65,0
DA:67,0
DA:71,0
DA:72,0
DA:73,0
DA:75,0
DA:87,0
DA:100,0
DA:101,0
DA:110,0
DA:111,0
DA:112,0
DA:114,0
DA:116,0
DA:118,0
DA:122,0
DA:123,0
DA:125,0
DA:137,0
DA:148,1
LF:32
LH:1
BRDA:15,0,0,0
BRDA:15,0,1,0
BRDA:17,1,0,0
BRDA:17,1,1,0
BRDA:32,2,0,0
BRDA:53,3,0,0
BRDA:53,3,1,0
BRDA:58,4,0,0
BRDA:58,4,1,0
BRDA:59,5,0,0
BRDA:59,5,1,0
BRDA:86,6,0,0
BRDA:107,7,0,0
BRDA:107,7,1,0
BRDA:110,8,0,0
BRDA:110,8,1,0
BRDA:111,9,0,0
BRDA:111,9,1,0
BRF:18
BRH:0
end_of_record
TN:
SF:/Users/devxu/Documents/workspace/react-test/app/actions/index.js
FN:1,(anonymous_0)
FN:6,(anonymous_1)
FN:11,(anonymous_2)
FN:15,(anonymous_3)
FNF:4
FNH:0
FNDA:0,(anonymous_0)
FNDA:0,(anonymous_1)
FNDA:0,(anonymous_2)
FNDA:0,(anonymous_3)
DA:1,2
DA:6,2
DA:11,2
DA:15,2
LF:4
LH:4
BRF:0
BRH:0
end_of_record
TN:
SF:/Users/devxu/Documents/workspace/react-test/app/components/Tabs.js
FN:8,(anonymous_0)
FN:13,(anonymous_1)
FN:17,(anonymous_2)
FN:21,(anonymous_3)
FN:27,(anonymous_4)
FN:29,(anonymous_5)
FN:36,(anonymous_6)
FN:59,(anonymous_7)
FNF:8
FNH:6
FNDA:1,(anonymous_0)
FNDA:2,(anonymous_1)
FNDA:2,(anonymous_2)
FNDA:1,(anonymous_3)
FNDA:2,(anonymous_4)
FNDA:0,(anonymous_5)
FNDA:2,(anonymous_6)
FNDA:0,(anonymous_7)
DA:9,1
DA:14,2
DA:18,2
DA:22,1
DA:23,1
DA:28,2
DA:29,0
DA:37,2
DA:39,1
DA:43,1
DA:47,0
DA:59,1
DA:64,1
LF:13
LH:11
BRDA:14,0,0,1
BRDA:14,0,1,1
BRDA:18,1,0,1
BRDA:18,1,1,1
BRDA:37,2,0,1
BRDA:37,2,1,1
BRDA:37,2,2,0
BRF:7
BRH:6
end_of_record
TN:
SF:/Users/devxu/Documents/workspace/react-test/app/components/tabOneItem.js
FN:3,(anonymous_0)
FNF:1
FNH:1
FNDA:1,(anonymous_0)
DA:3,1
DA:4,1
LF:2
LH:2
BRF:0
BRH:0
end_of_record
TN:
SF:/Users/devxu/Documents/workspace/react-test/app/components/tabOneList.js
FN:5,(anonymous_0)
FNF:1
FNH:1
FNDA:1,(anonymous_0)
DA:6,1
LF:1
LH:1
BRF:0
BRH:0
end_of_record
TN:
SF:/Users/devxu/Documents/workspace/react-test/app/components/tabTwo.js
FN:3,(anonymous_0)
FNF:1
FNH:1
FNDA:1,(anonymous_0)
DA:3,1
DA:4,1
LF:2
LH:2
BRF:0
BRH:0
end_of_record
TN:
SF:/Users/devxu/Documents/workspace/react-test/app/components/book/bookItem.js
FN:4,(anonymous_0)
FN:8,(anonymous_1)
FN:22,(anonymous_2)
FNF:3
FNH:0
FNDA:0,(anonymous_0)
FNDA:0,(anonymous_1)
FNDA:0,(anonymous_2)
DA:5,0
DA:9,0
DA:10,0
DA:23,0
LF:4
LH:0
BRF:0
BRH:0
end_of_record
TN:
SF:/Users/devxu/Documents/workspace/react-test/app/components/book/bookList.js
FN:9,(anonymous_0)
FN:13,(anonymous_1)
FN:21,(anonymous_2)
FN:24,(anonymous_3)
FN:38,(anonymous_4)
FN:51,(anonymous_5)
FN:65,(anonymous_6)
FN:80,(anonymous_7)
FN:92,(anonymous_8)
FN:96,(anonymous_9)
FN:104,(anonymous_10)
FN:106,(anonymous_11)
FNF:12
FNH:5
FNDA:1,(anonymous_0)
FNDA:1,(anonymous_1)
FNDA:1,(anonymous_2)
FNDA:0,(anonymous_3)
FNDA:0,(anonymous_4)
FNDA:0,(anonymous_5)
FNDA:0,(anonymous_6)
FNDA:1,(anonymous_7)
FNDA:0,(anonymous_8)
FNDA:2,(anonymous_9)
FNDA:0,(anonymous_10)
FNDA:0,(anonymous_11)
DA:10,1
DA:14,1
DA:18,1
DA:22,1
DA:23,1
DA:25,0
DA:30,0
DA:32,0
DA:33,0
DA:34,0
DA:39,0
DA:40,0
DA:42,0
DA:43,0
DA:47,0
DA:52,0
DA:53,0
DA:54,0
DA:55,0
DA:60,0
DA:61,0
DA:66,0
DA:67,0
DA:68,0
DA:69,0
DA:74,0
DA:75,0
DA:81,1
DA:92,0
DA:97,2
DA:104,0
DA:106,0
LF:32
LH:7
BRDA:42,0,0,0
BRDA:42,0,1,0
BRDA:42,1,0,0
BRDA:42,1,1,0
BRDA:54,2,0,0
BRDA:54,2,1,0
BRDA:68,3,0,0
BRDA:68,3,1,0
BRF:8
BRH:0
end_of_record
TN:
SF:/Users/devxu/Documents/workspace/react-test/app/components/book/request.js
FN:15,getBookList
FNF:1
FNH:1
FNDA:1,getBookList
DA:16,1
LF:1
LH:1
BRF:0
BRH:0
end_of_record
